[0.060s] Invoking command in '/root/r/build/ev3ros': CMAKE_PREFIX_PATH=${CMAKE_PREFIX_PATH}:/opt/ros/humble /usr/bin/cmake --build /root/r/build/ev3ros -- -j12 -l12
[0.083s] Invoked command in '/root/r/build/ev3ros' returned '0': CMAKE_PREFIX_PATH=${CMAKE_PREFIX_PATH}:/opt/ros/humble /usr/bin/cmake --build /root/r/build/ev3ros -- -j12 -l12
[0.109s] Invoking command in '/root/r/build/ev3ros': CMAKE_PREFIX_PATH=${CMAKE_PREFIX_PATH}:/opt/ros/humble /usr/bin/cmake --install /root/r/build/ev3ros
[0.116s] -- Install configuration: ""
[0.116s] -- Execute custom install script
[0.116s] -- Up-to-date symlink: /root/r/install/ev3ros/share/ev3ros/config/empty.yaml
[0.116s] -- Up-to-date symlink: /root/r/install/ev3ros/share/ev3ros/description/gazebo_control.xacro
[0.116s] -- Up-to-date symlink: /root/r/install/ev3ros/share/ev3ros/description/inertial_macros.xacro
[0.116s] -- Up-to-date symlink: /root/r/install/ev3ros/share/ev3ros/description/robot.urdf.xacro
[0.116s] -- Up-to-date symlink: /root/r/install/ev3ros/share/ev3ros/description/robot_core.xacro
[0.117s] -- Up-to-date symlink: /root/r/install/ev3ros/share/ev3ros/launch/launch_sim.launch.py
[0.117s] -- Up-to-date symlink: /root/r/install/ev3ros/share/ev3ros/launch/rsp.launch.py
[0.117s] -- Up-to-date symlink: /root/r/install/ev3ros/share/ev3ros/worlds/empty.world
[0.117s] -- Up-to-date symlink: /root/r/install/ev3ros/share/ament_index/resource_index/package_run_dependencies/ev3ros
[0.117s] -- Up-to-date symlink: /root/r/install/ev3ros/share/ament_index/resource_index/parent_prefix_path/ev3ros
[0.117s] -- Up-to-date symlink: /root/r/install/ev3ros/share/ev3ros/environment/ament_prefix_path.sh
[0.117s] -- Up-to-date symlink: /root/r/install/ev3ros/share/ev3ros/environment/ament_prefix_path.dsv
[0.117s] -- Up-to-date symlink: /root/r/install/ev3ros/share/ev3ros/environment/path.sh
[0.117s] -- Up-to-date symlink: /root/r/install/ev3ros/share/ev3ros/environment/path.dsv
[0.117s] -- Up-to-date symlink: /root/r/install/ev3ros/share/ev3ros/local_setup.bash
[0.117s] -- Up-to-date symlink: /root/r/install/ev3ros/share/ev3ros/local_setup.sh
[0.117s] -- Up-to-date symlink: /root/r/install/ev3ros/share/ev3ros/local_setup.zsh
[0.117s] -- Up-to-date symlink: /root/r/install/ev3ros/share/ev3ros/local_setup.dsv
[0.117s] -- Symlinking: /root/r/install/ev3ros/share/ev3ros/package.dsv
[0.122s] -- Up-to-date symlink: /root/r/install/ev3ros/share/ament_index/resource_index/packages/ev3ros
[0.122s] -- Up-to-date symlink: /root/r/install/ev3ros/share/ev3ros/cmake/ev3rosConfig.cmake
[0.122s] -- Up-to-date symlink: /root/r/install/ev3ros/share/ev3ros/cmake/ev3rosConfig-version.cmake
[0.122s] -- Up-to-date symlink: /root/r/install/ev3ros/share/ev3ros/package.xml
[0.124s] Invoked command in '/root/r/build/ev3ros' returned '0': CMAKE_PREFIX_PATH=${CMAKE_PREFIX_PATH}:/opt/ros/humble /usr/bin/cmake --install /root/r/build/ev3ros
