[0.864s] DEBUG:colcon:Command line arguments: ['/usr/bin/colcon', 'build', '--symlink-install']
[0.864s] DEBUG:colcon:Parsed command line arguments: Namespace(log_base=None, log_level=None, verb_name='build', build_base='build', install_base='install', merge_install=False, symlink_install=True, test_result_base=None, continue_on_error=False, executor='parallel', parallel_workers=12, event_handlers=None, ignore_user_meta=False, metas=['./colcon.meta'], base_paths=['.'], packages_ignore=None, packages_ignore_regex=None, paths=None, packages_up_to=None, packages_up_to_regex=None, packages_above=None, packages_above_and_dependencies=None, packages_above_depth=None, packages_select_by_dep=None, packages_skip_by_dep=None, packages_skip_up_to=None, packages_select_build_failed=False, packages_skip_build_finished=False, packages_select_test_failures=False, packages_skip_test_passed=False, packages_select=None, packages_skip=None, packages_select_regex=None, packages_skip_regex=None, packages_start=None, packages_end=None, cmake_args=None, cmake_target=None, cmake_target_skip_unavailable=False, cmake_clean_cache=False, cmake_clean_first=False, cmake_force_configure=False, ament_cmake_args=None, catkin_cmake_args=None, catkin_skip_building_tests=False, mixin_files=None, mixin=None, verb_parser=<colcon_mixin.mixin.mixin_argument.MixinArgumentDecorator object at 0x7fac3a376260>, verb_extension=<colcon_core.verb.build.BuildVerb object at 0x7fac3a377850>, main=<bound method BuildVerb.main of <colcon_core.verb.build.BuildVerb object at 0x7fac3a377850>>, mixin_verb=('build',))
[0.898s] Level 1:colcon.colcon_core.package_discovery:discover_packages(colcon_meta) check parameters
[0.899s] INFO:colcon.colcon_metadata.package_discovery.colcon_meta:Using configuration from '/root/.colcon/metadata/default/Gazebo.meta'
[0.899s] INFO:colcon.colcon_metadata.package_discovery.colcon_meta:Using configuration from '/root/.colcon/metadata/default/fastrtps.meta'
[0.899s] Level 1:colcon.colcon_core.package_discovery:discover_packages(recursive) check parameters
[0.899s] Level 1:colcon.colcon_core.package_discovery:discover_packages(ignore) check parameters
[0.899s] Level 1:colcon.colcon_core.package_discovery:discover_packages(path) check parameters
[0.899s] Level 1:colcon.colcon_core.package_discovery:discover_packages(colcon_meta) discover
[0.900s] Level 1:colcon.colcon_core.package_discovery:discover_packages(recursive) discover
[0.900s] INFO:colcon.colcon_core.package_discovery:Crawling recursively for packages in '/root/r'
[0.900s] Level 1:colcon.colcon_core.package_identification:_identify(.) by extensions ['ignore', 'ignore_ament_install']
[0.900s] Level 1:colcon.colcon_core.package_identification:_identify(.) by extension 'ignore'
[0.900s] Level 1:colcon.colcon_core.package_identification:_identify(.) by extension 'ignore_ament_install'
[0.900s] Level 1:colcon.colcon_core.package_identification:_identify(.) by extensions ['colcon_pkg']
[0.900s] Level 1:colcon.colcon_core.package_identification:_identify(.) by extension 'colcon_pkg'
[0.900s] Level 1:colcon.colcon_core.package_identification:_identify(.) by extensions ['colcon_meta']
[0.900s] Level 1:colcon.colcon_core.package_identification:_identify(.) by extension 'colcon_meta'
[0.900s] Level 1:colcon.colcon_core.package_identification:_identify(.) by extensions ['ros']
[0.900s] Level 1:colcon.colcon_core.package_identification:_identify(.) by extension 'ros'
[0.909s] Level 1:colcon.colcon_core.package_identification:_identify(.) by extensions ['cmake', 'python']
[0.909s] Level 1:colcon.colcon_core.package_identification:_identify(.) by extension 'cmake'
[0.910s] Level 1:colcon.colcon_core.package_identification:_identify(.) by extension 'python'
[0.910s] Level 1:colcon.colcon_core.package_identification:_identify(.) by extensions ['python_setup_py']
[0.910s] Level 1:colcon.colcon_core.package_identification:_identify(.) by extension 'python_setup_py'
[0.910s] Level 1:colcon.colcon_core.package_identification:_identify(build) by extensions ['ignore', 'ignore_ament_install']
[0.910s] Level 1:colcon.colcon_core.package_identification:_identify(build) by extension 'ignore'
[0.910s] Level 1:colcon.colcon_core.package_identification:_identify(build) ignored
[0.910s] Level 1:colcon.colcon_core.package_identification:_identify(ev3ros) by extensions ['ignore', 'ignore_ament_install']
[0.910s] Level 1:colcon.colcon_core.package_identification:_identify(ev3ros) by extension 'ignore'
[0.910s] Level 1:colcon.colcon_core.package_identification:_identify(ev3ros) by extension 'ignore_ament_install'
[0.910s] Level 1:colcon.colcon_core.package_identification:_identify(ev3ros) by extensions ['colcon_pkg']
[0.910s] Level 1:colcon.colcon_core.package_identification:_identify(ev3ros) by extension 'colcon_pkg'
[0.910s] Level 1:colcon.colcon_core.package_identification:_identify(ev3ros) by extensions ['colcon_meta']
[0.910s] Level 1:colcon.colcon_core.package_identification:_identify(ev3ros) by extension 'colcon_meta'
[0.910s] Level 1:colcon.colcon_core.package_identification:_identify(ev3ros) by extensions ['ros']
[0.910s] Level 1:colcon.colcon_core.package_identification:_identify(ev3ros) by extension 'ros'
[0.912s] DEBUG:colcon.colcon_core.package_identification:Package 'ev3ros' with type 'ros.ament_cmake' and name 'ev3ros'
[0.912s] Level 1:colcon.colcon_core.package_identification:_identify(install) by extensions ['ignore', 'ignore_ament_install']
[0.912s] Level 1:colcon.colcon_core.package_identification:_identify(install) by extension 'ignore'
[0.912s] Level 1:colcon.colcon_core.package_identification:_identify(install) ignored
[0.912s] Level 1:colcon.colcon_core.package_identification:_identify(log) by extensions ['ignore', 'ignore_ament_install']
[0.912s] Level 1:colcon.colcon_core.package_identification:_identify(log) by extension 'ignore'
[0.913s] Level 1:colcon.colcon_core.package_identification:_identify(log) ignored
[0.913s] Level 1:colcon.colcon_core.package_discovery:discover_packages(recursive) using defaults
[0.913s] Level 1:colcon.colcon_core.package_discovery:discover_packages(ignore) discover
[0.913s] Level 1:colcon.colcon_core.package_discovery:discover_packages(ignore) using defaults
[0.913s] Level 1:colcon.colcon_core.package_discovery:discover_packages(path) discover
[0.913s] Level 1:colcon.colcon_core.package_discovery:discover_packages(path) using defaults
[0.966s] Level 5:colcon.colcon_core.verb:set package 'ev3ros' build argument 'cmake_args' from command line to 'None'
[0.966s] Level 5:colcon.colcon_core.verb:set package 'ev3ros' build argument 'cmake_target' from command line to 'None'
[0.966s] Level 5:colcon.colcon_core.verb:set package 'ev3ros' build argument 'cmake_target_skip_unavailable' from command line to 'False'
[0.966s] Level 5:colcon.colcon_core.verb:set package 'ev3ros' build argument 'cmake_clean_cache' from command line to 'False'
[0.966s] Level 5:colcon.colcon_core.verb:set package 'ev3ros' build argument 'cmake_clean_first' from command line to 'False'
[0.966s] Level 5:colcon.colcon_core.verb:set package 'ev3ros' build argument 'cmake_force_configure' from command line to 'False'
[0.966s] Level 5:colcon.colcon_core.verb:set package 'ev3ros' build argument 'ament_cmake_args' from command line to 'None'
[0.966s] Level 5:colcon.colcon_core.verb:set package 'ev3ros' build argument 'catkin_cmake_args' from command line to 'None'
[0.966s] Level 5:colcon.colcon_core.verb:set package 'ev3ros' build argument 'catkin_skip_building_tests' from command line to 'False'
[0.966s] DEBUG:colcon.colcon_core.verb:Building package 'ev3ros' with the following arguments: {'ament_cmake_args': None, 'build_base': '/root/r/build/ev3ros', 'catkin_cmake_args': None, 'catkin_skip_building_tests': False, 'cmake_args': None, 'cmake_clean_cache': False, 'cmake_clean_first': False, 'cmake_force_configure': False, 'cmake_target': None, 'cmake_target_skip_unavailable': False, 'install_base': '/root/r/install/ev3ros', 'merge_install': False, 'path': '/root/r/ev3ros', 'symlink_install': True, 'test_result_base': None}
[0.976s] INFO:colcon.colcon_core.executor:Executing jobs using 'parallel' executor
[0.986s] DEBUG:colcon.colcon_parallel_executor.executor.parallel:run_until_complete
[0.986s] INFO:colcon.colcon_ros.task.ament_cmake.build:Building ROS package in '/root/r/ev3ros' with build type 'ament_cmake'
[0.986s] INFO:colcon.colcon_cmake.task.cmake.build:Building CMake package in '/root/r/ev3ros'
[0.998s] INFO:colcon.colcon_core.plugin_system:Skipping extension 'colcon_core.shell.bat': Not used on non-Windows systems
[0.998s] INFO:colcon.colcon_core.shell:Skip shell extension 'powershell' for command environment: Not usable outside of PowerShell
[0.998s] DEBUG:colcon.colcon_core.shell:Skip shell extension 'dsv' for command environment
[1.039s] DEBUG:colcon.colcon_core.event_handler.log_command:Invoking command in '/root/r/build/ev3ros': CMAKE_PREFIX_PATH=${CMAKE_PREFIX_PATH}:/opt/ros/humble /usr/bin/cmake --build /root/r/build/ev3ros -- -j12 -l12
[1.061s] DEBUG:colcon.colcon_core.event_handler.log_command:Invoked command in '/root/r/build/ev3ros' returned '0': CMAKE_PREFIX_PATH=${CMAKE_PREFIX_PATH}:/opt/ros/humble /usr/bin/cmake --build /root/r/build/ev3ros -- -j12 -l12
[1.082s] DEBUG:colcon.colcon_core.event_handler.log_command:Invoking command in '/root/r/build/ev3ros': CMAKE_PREFIX_PATH=${CMAKE_PREFIX_PATH}:/opt/ros/humble /usr/bin/cmake --install /root/r/build/ev3ros
[1.096s] Level 1:colcon.colcon_core.environment:create_environment_scripts_only(ev3ros)
[1.097s] DEBUG:colcon.colcon_core.event_handler.log_command:Invoked command in '/root/r/build/ev3ros' returned '0': CMAKE_PREFIX_PATH=${CMAKE_PREFIX_PATH}:/opt/ros/humble /usr/bin/cmake --install /root/r/build/ev3ros
[1.112s] Level 1:colcon.colcon_core.environment:checking '/root/r/install/ev3ros' for CMake module files
[1.112s] Level 1:colcon.colcon_core.environment:checking '/root/r/install/ev3ros' for CMake config files
[1.112s] Level 1:colcon.colcon_core.shell:create_environment_hook('ev3ros', 'cmake_prefix_path')
[1.123s] INFO:colcon.colcon_core.shell:Creating environment hook '/root/r/install/ev3ros/share/ev3ros/hook/cmake_prefix_path.ps1'
[1.123s] INFO:colcon.colcon_core.shell:Creating environment descriptor '/root/r/install/ev3ros/share/ev3ros/hook/cmake_prefix_path.dsv'
[1.124s] INFO:colcon.colcon_core.shell:Creating environment hook '/root/r/install/ev3ros/share/ev3ros/hook/cmake_prefix_path.sh'
[1.124s] Level 1:colcon.colcon_core.environment:checking '/root/r/install/ev3ros/bin'
[1.124s] Level 1:colcon.colcon_core.environment:checking '/root/r/install/ev3ros/lib/pkgconfig/ev3ros.pc'
[1.126s] Level 1:colcon.colcon_core.environment:checking '/root/r/install/ev3ros/lib/python3.10/site-packages'
[1.126s] Level 1:colcon.colcon_core.environment:checking '/root/r/install/ev3ros/bin'
[1.135s] INFO:colcon.colcon_core.shell:Creating package script '/root/r/install/ev3ros/share/ev3ros/package.ps1'
[1.136s] INFO:colcon.colcon_core.shell:Creating package descriptor '/root/r/install/ev3ros/share/ev3ros/package.dsv'
[1.136s] INFO:colcon.colcon_core.shell:Creating package script '/root/r/install/ev3ros/share/ev3ros/package.sh'
[1.137s] INFO:colcon.colcon_core.shell:Creating package script '/root/r/install/ev3ros/share/ev3ros/package.bash'
[1.137s] INFO:colcon.colcon_core.shell:Creating package script '/root/r/install/ev3ros/share/ev3ros/package.zsh'
[1.138s] Level 1:colcon.colcon_core.environment:create_file_with_runtime_dependencies(/root/r/install/ev3ros/share/colcon-core/packages/ev3ros)
[1.161s] Level 1:colcon.colcon_core.environment:create_environment_scripts_only(ev3ros)
[1.171s] Level 1:colcon.colcon_core.environment:checking '/root/r/install/ev3ros' for CMake module files
[1.171s] Level 1:colcon.colcon_core.environment:checking '/root/r/install/ev3ros' for CMake config files
[1.171s] Level 1:colcon.colcon_core.shell:create_environment_hook('ev3ros', 'cmake_prefix_path')
[1.181s] INFO:colcon.colcon_core.shell:Creating environment hook '/root/r/install/ev3ros/share/ev3ros/hook/cmake_prefix_path.ps1'
[1.182s] INFO:colcon.colcon_core.shell:Creating environment descriptor '/root/r/install/ev3ros/share/ev3ros/hook/cmake_prefix_path.dsv'
[1.182s] INFO:colcon.colcon_core.shell:Creating environment hook '/root/r/install/ev3ros/share/ev3ros/hook/cmake_prefix_path.sh'
[1.182s] Level 1:colcon.colcon_core.environment:checking '/root/r/install/ev3ros/bin'
[1.182s] Level 1:colcon.colcon_core.environment:checking '/root/r/install/ev3ros/lib/pkgconfig/ev3ros.pc'
[1.182s] Level 1:colcon.colcon_core.environment:checking '/root/r/install/ev3ros/lib/python3.10/site-packages'
[1.183s] Level 1:colcon.colcon_core.environment:checking '/root/r/install/ev3ros/bin'
[1.193s] INFO:colcon.colcon_core.shell:Creating package script '/root/r/install/ev3ros/share/ev3ros/package.ps1'
[1.193s] INFO:colcon.colcon_core.shell:Creating package descriptor '/root/r/install/ev3ros/share/ev3ros/package.dsv'
[1.193s] INFO:colcon.colcon_core.shell:Creating package script '/root/r/install/ev3ros/share/ev3ros/package.sh'
[1.193s] INFO:colcon.colcon_core.shell:Creating package script '/root/r/install/ev3ros/share/ev3ros/package.bash'
[1.194s] INFO:colcon.colcon_core.shell:Creating package script '/root/r/install/ev3ros/share/ev3ros/package.zsh'
[1.194s] Level 1:colcon.colcon_core.environment:create_file_with_runtime_dependencies(/root/r/install/ev3ros/share/colcon-core/packages/ev3ros)
[1.194s] DEBUG:colcon.colcon_parallel_executor.executor.parallel:closing loop
[1.194s] DEBUG:colcon.colcon_parallel_executor.executor.parallel:loop closed
[1.194s] DEBUG:colcon.colcon_parallel_executor.executor.parallel:run_until_complete finished with '0'
[1.194s] DEBUG:colcon.colcon_core.event_reactor:joining thread
[1.212s] INFO:colcon.colcon_core.plugin_system:Skipping extension 'colcon_notification.desktop_notification.notify_send': Could not find 'notify-send'
[1.212s] INFO:colcon.colcon_core.plugin_system:Skipping extension 'colcon_notification.desktop_notification.terminal_notifier': Not used on non-Darwin systems
[1.212s] INFO:colcon.colcon_core.plugin_system:Skipping extension 'colcon_notification.desktop_notification.win32': Not used on non-Windows systems
[1.212s] INFO:colcon.colcon_notification.desktop_notification:Sending desktop notification using 'notify2'
[1.214s] DEBUG:colcon.colcon_notification.desktop_notification.notify2:Failed to initialize notify2: org.freedesktop.DBus.Error.Spawn.ExecFailed: /usr/bin/dbus-launch terminated abnormally without any error message
[1.214s] DEBUG:colcon.colcon_core.event_reactor:joined thread
[1.226s] INFO:colcon.colcon_core.shell:Creating prefix script '/root/r/install/local_setup.ps1'
[1.227s] INFO:colcon.colcon_core.shell:Creating prefix util module '/root/r/install/_local_setup_util_ps1.py'
[1.228s] INFO:colcon.colcon_core.shell:Creating prefix chain script '/root/r/install/setup.ps1'
[1.238s] INFO:colcon.colcon_core.shell:Creating prefix script '/root/r/install/local_setup.sh'
[1.239s] INFO:colcon.colcon_core.shell:Creating prefix util module '/root/r/install/_local_setup_util_sh.py'
[1.239s] INFO:colcon.colcon_core.shell:Creating prefix chain script '/root/r/install/setup.sh'
[1.250s] INFO:colcon.colcon_core.shell:Creating prefix script '/root/r/install/local_setup.bash'
[1.250s] INFO:colcon.colcon_core.shell:Creating prefix chain script '/root/r/install/setup.bash'
[1.261s] INFO:colcon.colcon_core.shell:Creating prefix script '/root/r/install/local_setup.zsh'
[1.261s] INFO:colcon.colcon_core.shell:Creating prefix chain script '/root/r/install/setup.zsh'
