[0.853s] DEBUG:colcon:Command line arguments: ['/usr/bin/colcon', 'build', '--symlink-install']
[0.853s] DEBUG:colcon:Parsed command line arguments: Namespace(log_base=None, log_level=None, verb_name='build', build_base='build', install_base='install', merge_install=False, symlink_install=True, test_result_base=None, continue_on_error=False, executor='parallel', parallel_workers=12, event_handlers=None, ignore_user_meta=False, metas=['./colcon.meta'], base_paths=['.'], packages_ignore=None, packages_ignore_regex=None, paths=None, packages_up_to=None, packages_up_to_regex=None, packages_above=None, packages_above_and_dependencies=None, packages_above_depth=None, packages_select_by_dep=None, packages_skip_by_dep=None, packages_skip_up_to=None, packages_select_build_failed=False, packages_skip_build_finished=False, packages_select_test_failures=False, packages_skip_test_passed=False, packages_select=None, packages_skip=None, packages_select_regex=None, packages_skip_regex=None, packages_start=None, packages_end=None, cmake_args=None, cmake_target=None, cmake_target_skip_unavailable=False, cmake_clean_cache=False, cmake_clean_first=False, cmake_force_configure=False, ament_cmake_args=None, catkin_cmake_args=None, catkin_skip_building_tests=False, mixin_files=None, mixin=None, verb_parser=<colcon_mixin.mixin.mixin_argument.MixinArgumentDecorator object at 0x7fd9a459a080>, verb_extension=<colcon_core.verb.build.BuildVerb object at 0x7fd9a459b490>, main=<bound method BuildVerb.main of <colcon_core.verb.build.BuildVerb object at 0x7fd9a459b490>>, mixin_verb=('build',))
[0.885s] Level 1:colcon.colcon_core.package_discovery:discover_packages(colcon_meta) check parameters
[0.886s] INFO:colcon.colcon_metadata.package_discovery.colcon_meta:Using configuration from '/root/.colcon/metadata/default/Gazebo.meta'
[0.886s] INFO:colcon.colcon_metadata.package_discovery.colcon_meta:Using configuration from '/root/.colcon/metadata/default/fastrtps.meta'
[0.886s] Level 1:colcon.colcon_core.package_discovery:discover_packages(recursive) check parameters
[0.886s] Level 1:colcon.colcon_core.package_discovery:discover_packages(ignore) check parameters
[0.886s] Level 1:colcon.colcon_core.package_discovery:discover_packages(path) check parameters
[0.886s] Level 1:colcon.colcon_core.package_discovery:discover_packages(colcon_meta) discover
[0.886s] Level 1:colcon.colcon_core.package_discovery:discover_packages(recursive) discover
[0.886s] INFO:colcon.colcon_core.package_discovery:Crawling recursively for packages in '/root/r'
[0.886s] Level 1:colcon.colcon_core.package_identification:_identify(.) by extensions ['ignore', 'ignore_ament_install']
[0.886s] Level 1:colcon.colcon_core.package_identification:_identify(.) by extension 'ignore'
[0.886s] Level 1:colcon.colcon_core.package_identification:_identify(.) by extension 'ignore_ament_install'
[0.886s] Level 1:colcon.colcon_core.package_identification:_identify(.) by extensions ['colcon_pkg']
[0.886s] Level 1:colcon.colcon_core.package_identification:_identify(.) by extension 'colcon_pkg'
[0.886s] Level 1:colcon.colcon_core.package_identification:_identify(.) by extensions ['colcon_meta']
[0.886s] Level 1:colcon.colcon_core.package_identification:_identify(.) by extension 'colcon_meta'
[0.887s] Level 1:colcon.colcon_core.package_identification:_identify(.) by extensions ['ros']
[0.887s] Level 1:colcon.colcon_core.package_identification:_identify(.) by extension 'ros'
[0.896s] Level 1:colcon.colcon_core.package_identification:_identify(.) by extensions ['cmake', 'python']
[0.896s] Level 1:colcon.colcon_core.package_identification:_identify(.) by extension 'cmake'
[0.896s] Level 1:colcon.colcon_core.package_identification:_identify(.) by extension 'python'
[0.896s] Level 1:colcon.colcon_core.package_identification:_identify(.) by extensions ['python_setup_py']
[0.896s] Level 1:colcon.colcon_core.package_identification:_identify(.) by extension 'python_setup_py'
[0.896s] Level 1:colcon.colcon_core.package_identification:_identify(build) by extensions ['ignore', 'ignore_ament_install']
[0.896s] Level 1:colcon.colcon_core.package_identification:_identify(build) by extension 'ignore'
[0.896s] Level 1:colcon.colcon_core.package_identification:_identify(build) ignored
[0.896s] Level 1:colcon.colcon_core.package_identification:_identify(diffdrive_ev3) by extensions ['ignore', 'ignore_ament_install']
[0.896s] Level 1:colcon.colcon_core.package_identification:_identify(diffdrive_ev3) by extension 'ignore'
[0.896s] Level 1:colcon.colcon_core.package_identification:_identify(diffdrive_ev3) by extension 'ignore_ament_install'
[0.896s] Level 1:colcon.colcon_core.package_identification:_identify(diffdrive_ev3) by extensions ['colcon_pkg']
[0.896s] Level 1:colcon.colcon_core.package_identification:_identify(diffdrive_ev3) by extension 'colcon_pkg'
[0.896s] Level 1:colcon.colcon_core.package_identification:_identify(diffdrive_ev3) by extensions ['colcon_meta']
[0.896s] Level 1:colcon.colcon_core.package_identification:_identify(diffdrive_ev3) by extension 'colcon_meta'
[0.896s] Level 1:colcon.colcon_core.package_identification:_identify(diffdrive_ev3) by extensions ['ros']
[0.896s] Level 1:colcon.colcon_core.package_identification:_identify(diffdrive_ev3) by extension 'ros'
[0.898s] DEBUG:colcon.colcon_core.package_identification:Package 'diffdrive_ev3' with type 'ros.ament_cmake' and name 'diffdrive_ev3'
[0.899s] Level 1:colcon.colcon_core.package_identification:_identify(ev3ros) by extensions ['ignore', 'ignore_ament_install']
[0.899s] Level 1:colcon.colcon_core.package_identification:_identify(ev3ros) by extension 'ignore'
[0.899s] Level 1:colcon.colcon_core.package_identification:_identify(ev3ros) by extension 'ignore_ament_install'
[0.899s] Level 1:colcon.colcon_core.package_identification:_identify(ev3ros) by extensions ['colcon_pkg']
[0.899s] Level 1:colcon.colcon_core.package_identification:_identify(ev3ros) by extension 'colcon_pkg'
[0.899s] Level 1:colcon.colcon_core.package_identification:_identify(ev3ros) by extensions ['colcon_meta']
[0.899s] Level 1:colcon.colcon_core.package_identification:_identify(ev3ros) by extension 'colcon_meta'
[0.899s] Level 1:colcon.colcon_core.package_identification:_identify(ev3ros) by extensions ['ros']
[0.899s] Level 1:colcon.colcon_core.package_identification:_identify(ev3ros) by extension 'ros'
[0.899s] DEBUG:colcon.colcon_core.package_identification:Package 'ev3ros' with type 'ros.ament_cmake' and name 'ev3ros'
[0.899s] Level 1:colcon.colcon_core.package_identification:_identify(install) by extensions ['ignore', 'ignore_ament_install']
[0.899s] Level 1:colcon.colcon_core.package_identification:_identify(install) by extension 'ignore'
[0.899s] Level 1:colcon.colcon_core.package_identification:_identify(install) ignored
[0.899s] Level 1:colcon.colcon_core.package_identification:_identify(log) by extensions ['ignore', 'ignore_ament_install']
[0.899s] Level 1:colcon.colcon_core.package_identification:_identify(log) by extension 'ignore'
[0.899s] Level 1:colcon.colcon_core.package_identification:_identify(log) ignored
[0.899s] Level 1:colcon.colcon_core.package_discovery:discover_packages(recursive) using defaults
[0.900s] Level 1:colcon.colcon_core.package_discovery:discover_packages(ignore) discover
[0.900s] Level 1:colcon.colcon_core.package_discovery:discover_packages(ignore) using defaults
[0.900s] Level 1:colcon.colcon_core.package_discovery:discover_packages(path) discover
[0.900s] Level 1:colcon.colcon_core.package_discovery:discover_packages(path) using defaults
[0.953s] Level 5:colcon.colcon_core.verb:set package 'diffdrive_ev3' build argument 'cmake_args' from command line to 'None'
[0.953s] Level 5:colcon.colcon_core.verb:set package 'diffdrive_ev3' build argument 'cmake_target' from command line to 'None'
[0.953s] Level 5:colcon.colcon_core.verb:set package 'diffdrive_ev3' build argument 'cmake_target_skip_unavailable' from command line to 'False'
[0.953s] Level 5:colcon.colcon_core.verb:set package 'diffdrive_ev3' build argument 'cmake_clean_cache' from command line to 'False'
[0.953s] Level 5:colcon.colcon_core.verb:set package 'diffdrive_ev3' build argument 'cmake_clean_first' from command line to 'False'
[0.953s] Level 5:colcon.colcon_core.verb:set package 'diffdrive_ev3' build argument 'cmake_force_configure' from command line to 'False'
[0.953s] Level 5:colcon.colcon_core.verb:set package 'diffdrive_ev3' build argument 'ament_cmake_args' from command line to 'None'
[0.953s] Level 5:colcon.colcon_core.verb:set package 'diffdrive_ev3' build argument 'catkin_cmake_args' from command line to 'None'
[0.953s] Level 5:colcon.colcon_core.verb:set package 'diffdrive_ev3' build argument 'catkin_skip_building_tests' from command line to 'False'
[0.953s] DEBUG:colcon.colcon_core.verb:Building package 'diffdrive_ev3' with the following arguments: {'ament_cmake_args': None, 'build_base': '/root/r/build/diffdrive_ev3', 'catkin_cmake_args': None, 'catkin_skip_building_tests': False, 'cmake_args': None, 'cmake_clean_cache': False, 'cmake_clean_first': False, 'cmake_force_configure': False, 'cmake_target': None, 'cmake_target_skip_unavailable': False, 'install_base': '/root/r/install/diffdrive_ev3', 'merge_install': False, 'path': '/root/r/diffdrive_ev3', 'symlink_install': True, 'test_result_base': None}
[0.963s] Level 5:colcon.colcon_core.verb:set package 'ev3ros' build argument 'cmake_args' from command line to 'None'
[0.963s] Level 5:colcon.colcon_core.verb:set package 'ev3ros' build argument 'cmake_target' from command line to 'None'
[0.963s] Level 5:colcon.colcon_core.verb:set package 'ev3ros' build argument 'cmake_target_skip_unavailable' from command line to 'False'
[0.963s] Level 5:colcon.colcon_core.verb:set package 'ev3ros' build argument 'cmake_clean_cache' from command line to 'False'
[0.963s] Level 5:colcon.colcon_core.verb:set package 'ev3ros' build argument 'cmake_clean_first' from command line to 'False'
[0.963s] Level 5:colcon.colcon_core.verb:set package 'ev3ros' build argument 'cmake_force_configure' from command line to 'False'
[0.963s] Level 5:colcon.colcon_core.verb:set package 'ev3ros' build argument 'ament_cmake_args' from command line to 'None'
[0.963s] Level 5:colcon.colcon_core.verb:set package 'ev3ros' build argument 'catkin_cmake_args' from command line to 'None'
[0.963s] Level 5:colcon.colcon_core.verb:set package 'ev3ros' build argument 'catkin_skip_building_tests' from command line to 'False'
[0.963s] DEBUG:colcon.colcon_core.verb:Building package 'ev3ros' with the following arguments: {'ament_cmake_args': None, 'build_base': '/root/r/build/ev3ros', 'catkin_cmake_args': None, 'catkin_skip_building_tests': False, 'cmake_args': None, 'cmake_clean_cache': False, 'cmake_clean_first': False, 'cmake_force_configure': False, 'cmake_target': None, 'cmake_target_skip_unavailable': False, 'install_base': '/root/r/install/ev3ros', 'merge_install': False, 'path': '/root/r/ev3ros', 'symlink_install': True, 'test_result_base': None}
[0.973s] INFO:colcon.colcon_core.executor:Executing jobs using 'parallel' executor
[0.983s] DEBUG:colcon.colcon_parallel_executor.executor.parallel:run_until_complete
[0.983s] INFO:colcon.colcon_ros.task.ament_cmake.build:Building ROS package in '/root/r/diffdrive_ev3' with build type 'ament_cmake'
[0.983s] INFO:colcon.colcon_cmake.task.cmake.build:Building CMake package in '/root/r/diffdrive_ev3'
[0.995s] INFO:colcon.colcon_core.plugin_system:Skipping extension 'colcon_core.shell.bat': Not used on non-Windows systems
[0.996s] INFO:colcon.colcon_core.shell:Skip shell extension 'powershell' for command environment: Not usable outside of PowerShell
[0.996s] DEBUG:colcon.colcon_core.shell:Skip shell extension 'dsv' for command environment
[1.040s] INFO:colcon.colcon_ros.task.ament_cmake.build:Building ROS package in '/root/r/ev3ros' with build type 'ament_cmake'
[1.040s] INFO:colcon.colcon_cmake.task.cmake.build:Building CMake package in '/root/r/ev3ros'
[1.051s] INFO:colcon.colcon_core.shell:Skip shell extension 'powershell' for command environment: Not usable outside of PowerShell
[1.051s] DEBUG:colcon.colcon_core.shell:Skip shell extension 'dsv' for command environment
[1.096s] DEBUG:colcon.colcon_core.event_handler.log_command:Invoking command in '/root/r/build/diffdrive_ev3': CMAKE_PREFIX_PATH=${CMAKE_PREFIX_PATH}:/opt/ros/humble /usr/bin/cmake /root/r/diffdrive_ev3 -DAMENT_CMAKE_SYMLINK_INSTALL=1 -DCMAKE_INSTALL_PREFIX=/root/r/install/diffdrive_ev3
[1.100s] DEBUG:colcon.colcon_core.event_handler.log_command:Invoking command in '/root/r/build/ev3ros': CMAKE_PREFIX_PATH=${CMAKE_PREFIX_PATH}:/opt/ros/humble /usr/bin/cmake --build /root/r/build/ev3ros -- -j12 -l12
[1.121s] DEBUG:colcon.colcon_core.event_handler.log_command:Invoked command in '/root/r/build/ev3ros' returned '0': CMAKE_PREFIX_PATH=${CMAKE_PREFIX_PATH}:/opt/ros/humble /usr/bin/cmake --build /root/r/build/ev3ros -- -j12 -l12
[1.140s] DEBUG:colcon.colcon_core.event_handler.log_command:Invoking command in '/root/r/build/ev3ros': CMAKE_PREFIX_PATH=${CMAKE_PREFIX_PATH}:/opt/ros/humble /usr/bin/cmake --install /root/r/build/ev3ros
[1.153s] Level 1:colcon.colcon_core.environment:create_environment_scripts_only(ev3ros)
[1.154s] DEBUG:colcon.colcon_core.event_handler.log_command:Invoked command in '/root/r/build/ev3ros' returned '0': CMAKE_PREFIX_PATH=${CMAKE_PREFIX_PATH}:/opt/ros/humble /usr/bin/cmake --install /root/r/build/ev3ros
[1.166s] Level 1:colcon.colcon_core.environment:checking '/root/r/install/ev3ros' for CMake module files
[1.166s] Level 1:colcon.colcon_core.environment:checking '/root/r/install/ev3ros' for CMake config files
[1.167s] Level 1:colcon.colcon_core.shell:create_environment_hook('ev3ros', 'cmake_prefix_path')
[1.178s] INFO:colcon.colcon_core.shell:Creating environment hook '/root/r/install/ev3ros/share/ev3ros/hook/cmake_prefix_path.ps1'
[1.178s] INFO:colcon.colcon_core.shell:Creating environment descriptor '/root/r/install/ev3ros/share/ev3ros/hook/cmake_prefix_path.dsv'
[1.178s] INFO:colcon.colcon_core.shell:Creating environment hook '/root/r/install/ev3ros/share/ev3ros/hook/cmake_prefix_path.sh'
[1.179s] Level 1:colcon.colcon_core.environment:checking '/root/r/install/ev3ros/bin'
[1.179s] Level 1:colcon.colcon_core.environment:checking '/root/r/install/ev3ros/lib/pkgconfig/ev3ros.pc'
[1.180s] Level 1:colcon.colcon_core.environment:checking '/root/r/install/ev3ros/lib/python3.10/site-packages'
[1.180s] Level 1:colcon.colcon_core.environment:checking '/root/r/install/ev3ros/bin'
[1.191s] INFO:colcon.colcon_core.shell:Creating package script '/root/r/install/ev3ros/share/ev3ros/package.ps1'
[1.192s] INFO:colcon.colcon_core.shell:Creating package descriptor '/root/r/install/ev3ros/share/ev3ros/package.dsv'
[1.193s] INFO:colcon.colcon_core.shell:Creating package script '/root/r/install/ev3ros/share/ev3ros/package.sh'
[1.193s] INFO:colcon.colcon_core.shell:Creating package script '/root/r/install/ev3ros/share/ev3ros/package.bash'
[1.194s] INFO:colcon.colcon_core.shell:Creating package script '/root/r/install/ev3ros/share/ev3ros/package.zsh'
[1.195s] Level 1:colcon.colcon_core.environment:create_file_with_runtime_dependencies(/root/r/install/ev3ros/share/colcon-core/packages/ev3ros)
[1.217s] Level 1:colcon.colcon_core.environment:create_environment_scripts_only(ev3ros)
[1.228s] Level 1:colcon.colcon_core.environment:checking '/root/r/install/ev3ros' for CMake module files
[1.229s] Level 1:colcon.colcon_core.environment:checking '/root/r/install/ev3ros' for CMake config files
[1.229s] Level 1:colcon.colcon_core.shell:create_environment_hook('ev3ros', 'cmake_prefix_path')
[1.238s] INFO:colcon.colcon_core.shell:Creating environment hook '/root/r/install/ev3ros/share/ev3ros/hook/cmake_prefix_path.ps1'
[1.239s] INFO:colcon.colcon_core.shell:Creating environment descriptor '/root/r/install/ev3ros/share/ev3ros/hook/cmake_prefix_path.dsv'
[1.239s] INFO:colcon.colcon_core.shell:Creating environment hook '/root/r/install/ev3ros/share/ev3ros/hook/cmake_prefix_path.sh'
[1.240s] Level 1:colcon.colcon_core.environment:checking '/root/r/install/ev3ros/bin'
[1.240s] Level 1:colcon.colcon_core.environment:checking '/root/r/install/ev3ros/lib/pkgconfig/ev3ros.pc'
[1.240s] Level 1:colcon.colcon_core.environment:checking '/root/r/install/ev3ros/lib/python3.10/site-packages'
[1.241s] Level 1:colcon.colcon_core.environment:checking '/root/r/install/ev3ros/bin'
[1.251s] INFO:colcon.colcon_core.shell:Creating package script '/root/r/install/ev3ros/share/ev3ros/package.ps1'
[1.251s] INFO:colcon.colcon_core.shell:Creating package descriptor '/root/r/install/ev3ros/share/ev3ros/package.dsv'
[1.251s] INFO:colcon.colcon_core.shell:Creating package script '/root/r/install/ev3ros/share/ev3ros/package.sh'
[1.252s] INFO:colcon.colcon_core.shell:Creating package script '/root/r/install/ev3ros/share/ev3ros/package.bash'
[1.252s] INFO:colcon.colcon_core.shell:Creating package script '/root/r/install/ev3ros/share/ev3ros/package.zsh'
[1.252s] Level 1:colcon.colcon_core.environment:create_file_with_runtime_dependencies(/root/r/install/ev3ros/share/colcon-core/packages/ev3ros)
[3.067s] DEBUG:colcon.colcon_core.event_handler.log_command:Invoked command in '/root/r/build/diffdrive_ev3' returned '0': CMAKE_PREFIX_PATH=${CMAKE_PREFIX_PATH}:/opt/ros/humble /usr/bin/cmake /root/r/diffdrive_ev3 -DAMENT_CMAKE_SYMLINK_INSTALL=1 -DCMAKE_INSTALL_PREFIX=/root/r/install/diffdrive_ev3
[3.068s] DEBUG:colcon.colcon_core.event_handler.log_command:Invoking command in '/root/r/build/diffdrive_ev3': CMAKE_PREFIX_PATH=${CMAKE_PREFIX_PATH}:/opt/ros/humble /usr/bin/cmake --build /root/r/build/diffdrive_ev3 -- -j12 -l12
[7.149s] DEBUG:colcon.colcon_core.event_handler.log_command:Invoked command in '/root/r/build/diffdrive_ev3' returned '0': CMAKE_PREFIX_PATH=${CMAKE_PREFIX_PATH}:/opt/ros/humble /usr/bin/cmake --build /root/r/build/diffdrive_ev3 -- -j12 -l12
[7.165s] DEBUG:colcon.colcon_core.event_handler.log_command:Invoking command in '/root/r/build/diffdrive_ev3': CMAKE_PREFIX_PATH=${CMAKE_PREFIX_PATH}:/opt/ros/humble /usr/bin/cmake --install /root/r/build/diffdrive_ev3
[7.307s] Level 1:colcon.colcon_core.environment:create_environment_scripts_only(diffdrive_ev3)
[7.308s] DEBUG:colcon.colcon_core.event_handler.log_command:Invoked command in '/root/r/build/diffdrive_ev3' returned '0': CMAKE_PREFIX_PATH=${CMAKE_PREFIX_PATH}:/opt/ros/humble /usr/bin/cmake --install /root/r/build/diffdrive_ev3
[7.319s] Level 1:colcon.colcon_core.environment:checking '/root/r/install/diffdrive_ev3' for CMake module files
[7.319s] Level 1:colcon.colcon_core.environment:checking '/root/r/install/diffdrive_ev3' for CMake config files
[7.319s] Level 1:colcon.colcon_core.shell:create_environment_hook('diffdrive_ev3', 'cmake_prefix_path')
[7.329s] INFO:colcon.colcon_core.shell:Creating environment hook '/root/r/install/diffdrive_ev3/share/diffdrive_ev3/hook/cmake_prefix_path.ps1'
[7.330s] INFO:colcon.colcon_core.shell:Creating environment descriptor '/root/r/install/diffdrive_ev3/share/diffdrive_ev3/hook/cmake_prefix_path.dsv'
[7.330s] INFO:colcon.colcon_core.shell:Creating environment hook '/root/r/install/diffdrive_ev3/share/diffdrive_ev3/hook/cmake_prefix_path.sh'
[7.330s] Level 1:colcon.colcon_core.environment:checking '/root/r/install/diffdrive_ev3/lib'
[7.330s] Level 1:colcon.colcon_core.shell:create_environment_hook('diffdrive_ev3', 'ld_library_path_lib')
[7.339s] INFO:colcon.colcon_core.shell:Creating environment hook '/root/r/install/diffdrive_ev3/share/diffdrive_ev3/hook/ld_library_path_lib.ps1'
[7.340s] INFO:colcon.colcon_core.shell:Creating environment descriptor '/root/r/install/diffdrive_ev3/share/diffdrive_ev3/hook/ld_library_path_lib.dsv'
[7.340s] INFO:colcon.colcon_core.shell:Creating environment hook '/root/r/install/diffdrive_ev3/share/diffdrive_ev3/hook/ld_library_path_lib.sh'
[7.340s] Level 1:colcon.colcon_core.environment:checking '/root/r/install/diffdrive_ev3/bin'
[7.340s] Level 1:colcon.colcon_core.environment:checking '/root/r/install/diffdrive_ev3/lib/pkgconfig/diffdrive_ev3.pc'
[7.340s] Level 1:colcon.colcon_core.environment:checking '/root/r/install/diffdrive_ev3/lib/python3.10/site-packages'
[7.340s] Level 1:colcon.colcon_core.environment:checking '/root/r/install/diffdrive_ev3/bin'
[7.351s] INFO:colcon.colcon_core.shell:Creating package script '/root/r/install/diffdrive_ev3/share/diffdrive_ev3/package.ps1'
[7.351s] INFO:colcon.colcon_core.shell:Creating package descriptor '/root/r/install/diffdrive_ev3/share/diffdrive_ev3/package.dsv'
[7.351s] INFO:colcon.colcon_core.shell:Creating package script '/root/r/install/diffdrive_ev3/share/diffdrive_ev3/package.sh'
[7.352s] INFO:colcon.colcon_core.shell:Creating package script '/root/r/install/diffdrive_ev3/share/diffdrive_ev3/package.bash'
[7.352s] INFO:colcon.colcon_core.shell:Creating package script '/root/r/install/diffdrive_ev3/share/diffdrive_ev3/package.zsh'
[7.352s] Level 1:colcon.colcon_core.environment:create_file_with_runtime_dependencies(/root/r/install/diffdrive_ev3/share/colcon-core/packages/diffdrive_ev3)
[7.378s] Level 1:colcon.colcon_core.environment:create_environment_scripts_only(diffdrive_ev3)
[7.388s] Level 1:colcon.colcon_core.environment:checking '/root/r/install/diffdrive_ev3' for CMake module files
[7.388s] Level 1:colcon.colcon_core.environment:checking '/root/r/install/diffdrive_ev3' for CMake config files
[7.388s] Level 1:colcon.colcon_core.shell:create_environment_hook('diffdrive_ev3', 'cmake_prefix_path')
[7.398s] INFO:colcon.colcon_core.shell:Creating environment hook '/root/r/install/diffdrive_ev3/share/diffdrive_ev3/hook/cmake_prefix_path.ps1'
[7.399s] INFO:colcon.colcon_core.shell:Creating environment descriptor '/root/r/install/diffdrive_ev3/share/diffdrive_ev3/hook/cmake_prefix_path.dsv'
[7.399s] INFO:colcon.colcon_core.shell:Creating environment hook '/root/r/install/diffdrive_ev3/share/diffdrive_ev3/hook/cmake_prefix_path.sh'
[7.400s] Level 1:colcon.colcon_core.environment:checking '/root/r/install/diffdrive_ev3/lib'
[7.400s] Level 1:colcon.colcon_core.shell:create_environment_hook('diffdrive_ev3', 'ld_library_path_lib')
[7.409s] INFO:colcon.colcon_core.shell:Creating environment hook '/root/r/install/diffdrive_ev3/share/diffdrive_ev3/hook/ld_library_path_lib.ps1'
[7.409s] INFO:colcon.colcon_core.shell:Creating environment descriptor '/root/r/install/diffdrive_ev3/share/diffdrive_ev3/hook/ld_library_path_lib.dsv'
[7.409s] INFO:colcon.colcon_core.shell:Creating environment hook '/root/r/install/diffdrive_ev3/share/diffdrive_ev3/hook/ld_library_path_lib.sh'
[7.410s] Level 1:colcon.colcon_core.environment:checking '/root/r/install/diffdrive_ev3/bin'
[7.410s] Level 1:colcon.colcon_core.environment:checking '/root/r/install/diffdrive_ev3/lib/pkgconfig/diffdrive_ev3.pc'
[7.410s] Level 1:colcon.colcon_core.environment:checking '/root/r/install/diffdrive_ev3/lib/python3.10/site-packages'
[7.410s] Level 1:colcon.colcon_core.environment:checking '/root/r/install/diffdrive_ev3/bin'
[7.420s] INFO:colcon.colcon_core.shell:Creating package script '/root/r/install/diffdrive_ev3/share/diffdrive_ev3/package.ps1'
[7.421s] INFO:colcon.colcon_core.shell:Creating package descriptor '/root/r/install/diffdrive_ev3/share/diffdrive_ev3/package.dsv'
[7.421s] INFO:colcon.colcon_core.shell:Creating package script '/root/r/install/diffdrive_ev3/share/diffdrive_ev3/package.sh'
[7.421s] INFO:colcon.colcon_core.shell:Creating package script '/root/r/install/diffdrive_ev3/share/diffdrive_ev3/package.bash'
[7.421s] INFO:colcon.colcon_core.shell:Creating package script '/root/r/install/diffdrive_ev3/share/diffdrive_ev3/package.zsh'
[7.422s] Level 1:colcon.colcon_core.environment:create_file_with_runtime_dependencies(/root/r/install/diffdrive_ev3/share/colcon-core/packages/diffdrive_ev3)
[7.422s] DEBUG:colcon.colcon_parallel_executor.executor.parallel:closing loop
[7.422s] DEBUG:colcon.colcon_parallel_executor.executor.parallel:loop closed
[7.422s] DEBUG:colcon.colcon_parallel_executor.executor.parallel:run_until_complete finished with '0'
[7.422s] DEBUG:colcon.colcon_core.event_reactor:joining thread
[7.436s] INFO:colcon.colcon_core.plugin_system:Skipping extension 'colcon_notification.desktop_notification.notify_send': Could not find 'notify-send'
[7.436s] INFO:colcon.colcon_core.plugin_system:Skipping extension 'colcon_notification.desktop_notification.terminal_notifier': Not used on non-Darwin systems
[7.436s] INFO:colcon.colcon_core.plugin_system:Skipping extension 'colcon_notification.desktop_notification.win32': Not used on non-Windows systems
[7.436s] INFO:colcon.colcon_notification.desktop_notification:Sending desktop notification using 'notify2'
[7.439s] DEBUG:colcon.colcon_notification.desktop_notification.notify2:Failed to initialize notify2: org.freedesktop.DBus.Error.Spawn.ExecFailed: /usr/bin/dbus-launch terminated abnormally without any error message
[7.439s] DEBUG:colcon.colcon_core.event_reactor:joined thread
[7.451s] INFO:colcon.colcon_core.shell:Creating prefix script '/root/r/install/local_setup.ps1'
[7.452s] INFO:colcon.colcon_core.shell:Creating prefix util module '/root/r/install/_local_setup_util_ps1.py'
[7.453s] INFO:colcon.colcon_core.shell:Creating prefix chain script '/root/r/install/setup.ps1'
[7.473s] INFO:colcon.colcon_core.shell:Creating prefix script '/root/r/install/local_setup.sh'
[7.473s] INFO:colcon.colcon_core.shell:Creating prefix util module '/root/r/install/_local_setup_util_sh.py'
[7.473s] INFO:colcon.colcon_core.shell:Creating prefix chain script '/root/r/install/setup.sh'
[7.484s] INFO:colcon.colcon_core.shell:Creating prefix script '/root/r/install/local_setup.bash'
[7.485s] INFO:colcon.colcon_core.shell:Creating prefix chain script '/root/r/install/setup.bash'
[7.495s] INFO:colcon.colcon_core.shell:Creating prefix script '/root/r/install/local_setup.zsh'
[7.496s] INFO:colcon.colcon_core.shell:Creating prefix chain script '/root/r/install/setup.zsh'
