-- The C compiler identification is GNU 11.4.0
-- The CXX compiler identification is GNU 11.4.0
-- Detecting C compiler ABI info
-- Detecting C compiler ABI info - done
-- Check for working C compiler: /usr/bin/cc - skipped
-- Detecting C compile features
-- Detecting C compile features - done
-- Detecting CXX compiler ABI info
-- Detecting CXX compiler ABI info - done
-- Check for working CXX compiler: /usr/bin/c++ - skipped
-- Detecting CXX compile features
-- Detecting CXX compile features - done
-- Found ament_cmake: 1.3.7 (/opt/ros/humble/share/ament_cmake/cmake)
-- Found Python3: /usr/bin/python3.10 (found version "3.10.12") found components: Interpreter 
-- Override CMake install command with custom implementation using symlinks instead of copying resources
-- Found ament_lint_auto: 0.12.10 (/opt/ros/humble/share/ament_lint_auto/cmake)
-- Added test 'copyright' to check source files copyright and LICENSE
-- Added test 'flake8' to check Python code syntax and style conventions
-- Added test 'lint_cmake' to check CMake code style
-- Added test 'pep257' to check Python code against some of the docstring style conventions in PEP 257
-- Added test 'xmllint' to check XML markup files
-- Configuring done
-- Generating done
-- Build files have been written to: /root/r/build/ev3ros
-- Install configuration: ""
-- Execute custom install script
-- Symlinking: /root/r/install/ev3ros/share/ev3ros/config/empty.yaml
-- Symlinking: /root/r/install/ev3ros/share/ev3ros/description/gazebo_control.xacro
-- Symlinking: /root/r/install/ev3ros/share/ev3ros/description/inertial_macros.xacro
-- Symlinking: /root/r/install/ev3ros/share/ev3ros/description/robot.urdf.xacro
-- Symlinking: /root/r/install/ev3ros/share/ev3ros/description/robot_core.xacro
-- Symlinking: /root/r/install/ev3ros/share/ev3ros/launch/launch_sim.launch.py
-- Symlinking: /root/r/install/ev3ros/share/ev3ros/launch/rsp.launch.py
-- Symlinking: /root/r/install/ev3ros/share/ev3ros/worlds/empty.world
-- Symlinking: /root/r/install/ev3ros/share/ament_index/resource_index/package_run_dependencies/ev3ros
-- Symlinking: /root/r/install/ev3ros/share/ament_index/resource_index/parent_prefix_path/ev3ros
-- Symlinking: /root/r/install/ev3ros/share/ev3ros/environment/ament_prefix_path.sh
-- Symlinking: /root/r/install/ev3ros/share/ev3ros/environment/ament_prefix_path.dsv
-- Symlinking: /root/r/install/ev3ros/share/ev3ros/environment/path.sh
-- Symlinking: /root/r/install/ev3ros/share/ev3ros/environment/path.dsv
-- Symlinking: /root/r/install/ev3ros/share/ev3ros/local_setup.bash
-- Symlinking: /root/r/install/ev3ros/share/ev3ros/local_setup.sh
-- Symlinking: /root/r/install/ev3ros/share/ev3ros/local_setup.zsh
-- Symlinking: /root/r/install/ev3ros/share/ev3ros/local_setup.dsv
-- Symlinking: /root/r/install/ev3ros/share/ev3ros/package.dsv
-- Symlinking: /root/r/install/ev3ros/share/ament_index/resource_index/packages/ev3ros
-- Symlinking: /root/r/install/ev3ros/share/ev3ros/cmake/ev3rosConfig.cmake
-- Symlinking: /root/r/install/ev3ros/share/ev3ros/cmake/ev3rosConfig-version.cmake
-- Symlinking: /root/r/install/ev3ros/share/ev3ros/package.xml
