[0.047s] Invoking command in '/root/r/build/ev3ros': CMAKE_PREFIX_PATH=${CMAKE_PREFIX_PATH}:/opt/ros/humble /usr/bin/cmake /root/r/ev3ros -DAMENT_CMAKE_SYMLINK_INSTALL=1 -DCMAKE_INSTALL_PREFIX=/root/r/install/ev3ros
[0.083s] -- The C compiler identification is GNU 11.4.0
[0.119s] -- The CXX compiler identification is GNU 11.4.0
[0.124s] -- Detecting C compiler ABI info
[0.175s] -- Detecting C compiler ABI info - done
[0.182s] -- Check for working C compiler: /usr/bin/cc - skipped
[0.183s] -- Detecting C compile features
[0.183s] -- Detecting C compile features - done
[0.188s] -- Detecting CXX compiler ABI info
[0.261s] -- Detecting CXX compiler ABI info - done
[0.266s] -- Check for working CXX compiler: /usr/bin/c++ - skipped
[0.266s] -- Detecting CXX compile features
[0.266s] -- Detecting CXX compile features - done
[0.270s] -- Found ament_cmake: 1.3.7 (/opt/ros/humble/share/ament_cmake/cmake)
[0.386s] -- Found Python3: /usr/bin/python3.10 (found version "3.10.12") found components: Interpreter 
[0.428s] -- Override CMake install command with custom implementation using symlinks instead of copying resources
[0.461s] -- Found ament_lint_auto: 0.12.10 (/opt/ros/humble/share/ament_lint_auto/cmake)
[0.525s] -- Added test 'copyright' to check source files copyright and LICENSE
[0.528s] -- Added test 'flake8' to check Python code syntax and style conventions
[0.528s] -- Added test 'lint_cmake' to check CMake code style
[0.529s] -- Added test 'pep257' to check Python code against some of the docstring style conventions in PEP 257
[0.530s] -- Added test 'xmllint' to check XML markup files
[0.531s] -- Configuring done
[0.533s] -- Generating done
[0.533s] -- Build files have been written to: /root/r/build/ev3ros
[0.536s] Invoked command in '/root/r/build/ev3ros' returned '0': CMAKE_PREFIX_PATH=${CMAKE_PREFIX_PATH}:/opt/ros/humble /usr/bin/cmake /root/r/ev3ros -DAMENT_CMAKE_SYMLINK_INSTALL=1 -DCMAKE_INSTALL_PREFIX=/root/r/install/ev3ros
[0.538s] Invoking command in '/root/r/build/ev3ros': CMAKE_PREFIX_PATH=${CMAKE_PREFIX_PATH}:/opt/ros/humble /usr/bin/cmake --build /root/r/build/ev3ros -- -j12 -l12
[0.556s] Invoked command in '/root/r/build/ev3ros' returned '0': CMAKE_PREFIX_PATH=${CMAKE_PREFIX_PATH}:/opt/ros/humble /usr/bin/cmake --build /root/r/build/ev3ros -- -j12 -l12
[0.574s] Invoking command in '/root/r/build/ev3ros': CMAKE_PREFIX_PATH=${CMAKE_PREFIX_PATH}:/opt/ros/humble /usr/bin/cmake --install /root/r/build/ev3ros
[0.578s] -- Install configuration: ""
[0.578s] -- Execute custom install script
[0.578s] -- Symlinking: /root/r/install/ev3ros/share/ev3ros/config/empty.yaml
[0.584s] -- Symlinking: /root/r/install/ev3ros/share/ev3ros/description/gazebo_control.xacro
[0.588s] -- Symlinking: /root/r/install/ev3ros/share/ev3ros/description/inertial_macros.xacro
[0.593s] -- Symlinking: /root/r/install/ev3ros/share/ev3ros/description/robot.urdf.xacro
[0.597s] -- Symlinking: /root/r/install/ev3ros/share/ev3ros/description/robot_core.xacro
[0.602s] -- Symlinking: /root/r/install/ev3ros/share/ev3ros/launch/launch_sim.launch.py
[0.607s] -- Symlinking: /root/r/install/ev3ros/share/ev3ros/launch/rsp.launch.py
[0.613s] -- Symlinking: /root/r/install/ev3ros/share/ev3ros/worlds/empty.world
[0.617s] -- Symlinking: /root/r/install/ev3ros/share/ament_index/resource_index/package_run_dependencies/ev3ros
[0.622s] -- Symlinking: /root/r/install/ev3ros/share/ament_index/resource_index/parent_prefix_path/ev3ros
[0.627s] -- Symlinking: /root/r/install/ev3ros/share/ev3ros/environment/ament_prefix_path.sh
[0.632s] -- Symlinking: /root/r/install/ev3ros/share/ev3ros/environment/ament_prefix_path.dsv
[0.637s] -- Symlinking: /root/r/install/ev3ros/share/ev3ros/environment/path.sh
[0.642s] -- Symlinking: /root/r/install/ev3ros/share/ev3ros/environment/path.dsv
[0.647s] -- Symlinking: /root/r/install/ev3ros/share/ev3ros/local_setup.bash
[0.652s] -- Symlinking: /root/r/install/ev3ros/share/ev3ros/local_setup.sh
[0.656s] -- Symlinking: /root/r/install/ev3ros/share/ev3ros/local_setup.zsh
[0.661s] -- Symlinking: /root/r/install/ev3ros/share/ev3ros/local_setup.dsv
[0.666s] -- Symlinking: /root/r/install/ev3ros/share/ev3ros/package.dsv
[0.670s] -- Symlinking: /root/r/install/ev3ros/share/ament_index/resource_index/packages/ev3ros
[0.675s] -- Symlinking: /root/r/install/ev3ros/share/ev3ros/cmake/ev3rosConfig.cmake
[0.680s] -- Symlinking: /root/r/install/ev3ros/share/ev3ros/cmake/ev3rosConfig-version.cmake
[0.684s] -- Symlinking: /root/r/install/ev3ros/share/ev3ros/package.xml
[0.689s] Invoked command in '/root/r/build/ev3ros' returned '0': CMAKE_PREFIX_PATH=${CMAKE_PREFIX_PATH}:/opt/ros/humble /usr/bin/cmake --install /root/r/build/ev3ros
