-- The C compiler identification is GNU 11.4.0
-- The CXX compiler identification is GNU 11.4.0
-- Detecting C compiler ABI info
-- Detecting C compiler ABI info - done
-- Check for working C compiler: /usr/bin/cc - skipped
-- Detecting C compile features
-- Detecting C compile features - done
-- Detecting CXX compiler ABI info
-- Detecting CXX compiler ABI info - done
-- Check for working CXX compiler: /usr/bin/c++ - skipped
-- Detecting CXX compile features
-- Detecting CXX compile features - done
-- Found ament_cmake: 1.3.7 (/opt/ros/humble/share/ament_cmake/cmake)
-- Found Python3: /usr/bin/python3.10 (found version "3.10.12") found components: Interpreter 
-- Override CMake install command with custom implementation using symlinks instead of copying resources
-- Found hardware_interface: 2.37.0 (/opt/ros/humble/share/hardware_interface/cmake)
-- Found rosidl_generator_c: 3.1.5 (/opt/ros/humble/share/rosidl_generator_c/cmake)
-- Found rosidl_adapter: 3.1.5 (/opt/ros/humble/share/rosidl_adapter/cmake)
-- Found rosidl_generator_cpp: 3.1.5 (/opt/ros/humble/share/rosidl_generator_cpp/cmake)
-- Using all available rosidl_typesupport_c: rosidl_typesupport_fastrtps_c;rosidl_typesupport_introspection_c
-- Using all available rosidl_typesupport_cpp: rosidl_typesupport_fastrtps_cpp;rosidl_typesupport_introspection_cpp
-- Found rmw_implementation_cmake: 6.1.1 (/opt/ros/humble/share/rmw_implementation_cmake/cmake)
-- Found rmw_fastrtps_cpp: 6.2.6 (/opt/ros/humble/share/rmw_fastrtps_cpp/cmake)
-- Found TinyXML2 via Config file: TinyXML2_DIR-NOTFOUND
-- Found OpenSSL: /usr/lib/x86_64-linux-gnu/libcrypto.so (found version "3.0.2")  
-- Found TinyXML2 via Config file: TinyXML2_DIR-NOTFOUND
-- Found FastRTPS: /opt/ros/humble/include  
-- Found TinyXML2 via Config file: TinyXML2_DIR-NOTFOUND
-- Found TinyXML2 via Config file: TinyXML2_DIR-NOTFOUND
-- Using RMW implementation 'rmw_fastrtps_cpp' as default
-- Looking for pthread.h
-- Looking for pthread.h - found
-- Performing Test CMAKE_HAVE_LIBC_PTHREAD
-- Performing Test CMAKE_HAVE_LIBC_PTHREAD - Success
-- Found Threads: TRUE  
-- Found controller_manager: 2.37.0 (/opt/ros/humble/share/controller_manager/cmake)
-- Configuring done
-- Generating done
-- Build files have been written to: /root/r/build/diffdrive_ev3
[ 25%] [32mBuilding CXX object CMakeFiles/diffdrive_ev3.dir/src/wheel.cpp.o[0m
[ 50%] [32mBuilding CXX object CMakeFiles/diffdrive_ev3.dir/src/ev3rcpy.cpp.o[0m
[ 75%] [32mBuilding CXX object CMakeFiles/diffdrive_ev3.dir/src/diffdrive_ev3.cpp.o[0m
[01m[K/root/r/diffdrive_ev3/src/diffdrive_ev3.cpp:[m[K In member function ‘[01m[Kvirtual CallbackReturn DiffDriveEv3::on_activate(const rclcpp_lifecycle::State&)[m[K’:
[01m[K/root/r/diffdrive_ev3/src/diffdrive_ev3.cpp:72:74:[m[K [01;35m[Kwarning: [m[Kunused parameter ‘[01m[Kprevious_state[m[K’ [[01;35m[K-Wunused-parameter[m[K]
   72 | CallbackReturn DiffDriveEv3::on_activate([01;35m[Kconst rclcpp_lifecycle::State & previous_state[m[K)
      |                                          [01;35m[K~~~~~~~~~~~~~~~~~~~~~~~~~~~~~~~~^~~~~~~~~~~~~~[m[K
[01m[K/root/r/diffdrive_ev3/src/diffdrive_ev3.cpp:[m[K In member function ‘[01m[Kvirtual CallbackReturn DiffDriveEv3::on_deactivate(const rclcpp_lifecycle::State&)[m[K’:
[01m[K/root/r/diffdrive_ev3/src/diffdrive_ev3.cpp:79:76:[m[K [01;35m[Kwarning: [m[Kunused parameter ‘[01m[Kprevious_state[m[K’ [[01;35m[K-Wunused-parameter[m[K]
   79 | CallbackReturn DiffDriveEv3::on_deactivate([01;35m[Kconst rclcpp_lifecycle::State & previous_state[m[K)
      |                                            [01;35m[K~~~~~~~~~~~~~~~~~~~~~~~~~~~~~~~~^~~~~~~~~~~~~~[m[K
[01m[K/root/r/diffdrive_ev3/src/diffdrive_ev3.cpp:[m[K In member function ‘[01m[Kvirtual hardware_interface::return_type DiffDriveEv3::read(const rclcpp::Time&, const rclcpp::Duration&)[m[K’:
[01m[K/root/r/diffdrive_ev3/src/diffdrive_ev3.cpp:86:73:[m[K [01;35m[Kwarning: [m[Kunused parameter ‘[01m[Ktime[m[K’ [[01;35m[K-Wunused-parameter[m[K]
   86 | hardware_interface::return_type DiffDriveEv3::read([01;35m[Kconst rclcpp::Time & time[m[K, const rclcpp::Duration & period)
      |                                                    [01;35m[K~~~~~~~~~~~~~~~~~~~~~^~~~[m[K
[01m[K/root/r/diffdrive_ev3/src/diffdrive_ev3.cpp:86:104:[m[K [01;35m[Kwarning: [m[Kunused parameter ‘[01m[Kperiod[m[K’ [[01;35m[K-Wunused-parameter[m[K]
   86 | hardware_interface::return_type DiffDriveEv3::read(const rclcpp::Time & time, [01;35m[Kconst rclcpp::Duration & period[m[K)
      |                                                                               [01;35m[K~~~~~~~~~~~~~~~~~~~~~~~~~^~~~~~[m[K
[01m[K/root/r/diffdrive_ev3/src/diffdrive_ev3.cpp:[m[K In member function ‘[01m[Kvirtual hardware_interface::return_type DiffDriveEv3::write(const rclcpp::Time&, const rclcpp::Duration&)[m[K’:
[01m[K/root/r/diffdrive_ev3/src/diffdrive_ev3.cpp:114:74:[m[K [01;35m[Kwarning: [m[Kunused parameter ‘[01m[Ktime[m[K’ [[01;35m[K-Wunused-parameter[m[K]
  114 | hardware_interface::return_type DiffDriveEv3::write([01;35m[Kconst rclcpp::Time & time[m[K, const rclcpp::Duration & period)
      |                                                     [01;35m[K~~~~~~~~~~~~~~~~~~~~~^~~~[m[K
[01m[K/root/r/diffdrive_ev3/src/diffdrive_ev3.cpp:114:105:[m[K [01;35m[Kwarning: [m[Kunused parameter ‘[01m[Kperiod[m[K’ [[01;35m[K-Wunused-parameter[m[K]
  114 | hardware_interface::return_type DiffDriveEv3::write(const rclcpp::Time & time, [01;35m[Kconst rclcpp::Duration & period[m[K)
      |                                                                                [01;35m[K~~~~~~~~~~~~~~~~~~~~~~~~~^~~~~~[m[K
[100%] [32m[1mLinking CXX shared library libdiffdrive_ev3.so[0m
[100%] Built target diffdrive_ev3
-- Install configuration: ""
-- Execute custom install script
-- Symlinking: /root/r/install/diffdrive_ev3/share/diffdrive_ev3//robot_hardware.xml
-- Symlinking: /root/r/install/diffdrive_ev3/lib/libdiffdrive_ev3.so
-- Symlinking: /root/r/install/diffdrive_ev3/share/diffdrive_ev3/controllers/robot_controller_example.yaml
-- Symlinking: /root/r/install/diffdrive_ev3/share/diffdrive_ev3/fake_robot.launch.py
-- Symlinking: /root/r/install/diffdrive_ev3/share/diffdrive_ev3/test_robot.launch.py
-- Symlinking: /root/r/install/diffdrive_ev3/share/diffdrive_ev3/environment/library_path.sh
-- Symlinking: /root/r/install/diffdrive_ev3/share/diffdrive_ev3/environment/library_path.dsv
-- Symlinking: /root/r/install/diffdrive_ev3/share/ament_index/resource_index/package_run_dependencies/diffdrive_ev3
-- Symlinking: /root/r/install/diffdrive_ev3/share/ament_index/resource_index/parent_prefix_path/diffdrive_ev3
-- Symlinking: /root/r/install/diffdrive_ev3/share/diffdrive_ev3/environment/ament_prefix_path.sh
-- Symlinking: /root/r/install/diffdrive_ev3/share/diffdrive_ev3/environment/ament_prefix_path.dsv
-- Symlinking: /root/r/install/diffdrive_ev3/share/diffdrive_ev3/environment/path.sh
-- Symlinking: /root/r/install/diffdrive_ev3/share/diffdrive_ev3/environment/path.dsv
-- Symlinking: /root/r/install/diffdrive_ev3/share/diffdrive_ev3/local_setup.bash
-- Symlinking: /root/r/install/diffdrive_ev3/share/diffdrive_ev3/local_setup.sh
-- Symlinking: /root/r/install/diffdrive_ev3/share/diffdrive_ev3/local_setup.zsh
-- Symlinking: /root/r/install/diffdrive_ev3/share/diffdrive_ev3/local_setup.dsv
-- Symlinking: /root/r/install/diffdrive_ev3/share/diffdrive_ev3/package.dsv
-- Symlinking: /root/r/install/diffdrive_ev3/share/ament_index/resource_index/packages/diffdrive_ev3
-- Symlinking: /root/r/install/diffdrive_ev3/share/ament_index/resource_index/hardware_interface__pluginlib__plugin/diffdrive_ev3
-- Symlinking: /root/r/install/diffdrive_ev3/share/diffdrive_ev3/cmake/ament_cmake_export_libraries-extras.cmake
-- Symlinking: /root/r/install/diffdrive_ev3/share/diffdrive_ev3/cmake/ament_cmake_export_dependencies-extras.cmake
-- Symlinking: /root/r/install/diffdrive_ev3/share/diffdrive_ev3/cmake/diffdrive_ev3Config.cmake
-- Symlinking: /root/r/install/diffdrive_ev3/share/diffdrive_ev3/cmake/diffdrive_ev3Config-version.cmake
-- Symlinking: /root/r/install/diffdrive_ev3/share/diffdrive_ev3/package.xml
